mode: set
github.com/Gredu/TiraLabraRegex/generateMachine.go:5.44,7.48 1 1
github.com/Gredu/TiraLabraRegex/generateMachine.go:15.2,18.31 3 1
github.com/Gredu/TiraLabraRegex/generateMachine.go:22.2,22.19 1 1
github.com/Gredu/TiraLabraRegex/generateMachine.go:7.48,8.25 1 1
github.com/Gredu/TiraLabraRegex/generateMachine.go:8.25,10.4 1 1
github.com/Gredu/TiraLabraRegex/generateMachine.go:10.4,12.4 1 1
github.com/Gredu/TiraLabraRegex/generateMachine.go:18.31,20.3 1 1
github.com/Gredu/TiraLabraRegex/generateMachine.go:25.77,27.28 1 1
github.com/Gredu/TiraLabraRegex/generateMachine.go:52.2,52.21 1 1
github.com/Gredu/TiraLabraRegex/generateMachine.go:28.32,32.34 3 1
github.com/Gredu/TiraLabraRegex/generateMachine.go:34.14,37.75 3 1
github.com/Gredu/TiraLabraRegex/generateMachine.go:39.14,46.79 5 1
github.com/Gredu/TiraLabraRegex/generateMachine.go:48.10,49.37 1 0
github.com/Gredu/TiraLabraRegex/main.go:3.13,5.2 0 0
github.com/Gredu/TiraLabraRegex/match.go:3.51,5.44 1 1
github.com/Gredu/TiraLabraRegex/match.go:31.2,31.14 1 1
github.com/Gredu/TiraLabraRegex/match.go:5.44,7.3 1 1
github.com/Gredu/TiraLabraRegex/match.go:7.3,7.64 1 1
github.com/Gredu/TiraLabraRegex/match.go:7.64,8.55 1 1
github.com/Gredu/TiraLabraRegex/match.go:8.55,9.41 1 1
github.com/Gredu/TiraLabraRegex/match.go:10.19,11.45 1 1
github.com/Gredu/TiraLabraRegex/match.go:14.16,15.45 1 1
github.com/Gredu/TiraLabraRegex/match.go:18.15,19.47 1 1
github.com/Gredu/TiraLabraRegex/match.go:20.16,21.35 1 1
github.com/Gredu/TiraLabraRegex/match.go:11.45,13.6 1 1
github.com/Gredu/TiraLabraRegex/match.go:15.45,17.6 1 1
github.com/Gredu/TiraLabraRegex/match.go:22.14,23.29 1 1
github.com/Gredu/TiraLabraRegex/match.go:23.29,25.7 1 1
github.com/Gredu/TiraLabraRegex/match.go:34.33,35.15 1 1
github.com/Gredu/TiraLabraRegex/match.go:39.2,39.14 1 1
github.com/Gredu/TiraLabraRegex/match.go:36.56,37.14 1 1
github.com/Gredu/TiraLabraRegex/parseRegexp.go:5.41,10.53 3 1
github.com/Gredu/TiraLabraRegex/parseRegexp.go:40.2,41.15 2 1
github.com/Gredu/TiraLabraRegex/parseRegexp.go:10.53,15.12 3 1
github.com/Gredu/TiraLabraRegex/parseRegexp.go:16.12,19.16 3 1
github.com/Gredu/TiraLabraRegex/parseRegexp.go:20.12,21.54 1 1
github.com/Gredu/TiraLabraRegex/parseRegexp.go:22.12,25.16 3 0
github.com/Gredu/TiraLabraRegex/parseRegexp.go:26.12,29.16 3 1
github.com/Gredu/TiraLabraRegex/parseRegexp.go:30.13,33.16 3 1
github.com/Gredu/TiraLabraRegex/parseRegexp.go:34.11,35.56 1 1
