mode: set
github.com/Gredu/TiraLabraRegex/generateMachine.go:5.44,7.48 1 1
github.com/Gredu/TiraLabraRegex/generateMachine.go:15.2,18.31 3 1
github.com/Gredu/TiraLabraRegex/generateMachine.go:22.2,22.19 1 1
github.com/Gredu/TiraLabraRegex/generateMachine.go:7.48,8.25 1 1
github.com/Gredu/TiraLabraRegex/generateMachine.go:8.25,10.4 1 1
github.com/Gredu/TiraLabraRegex/generateMachine.go:10.4,12.4 1 1
github.com/Gredu/TiraLabraRegex/generateMachine.go:18.31,20.3 1 1
github.com/Gredu/TiraLabraRegex/generateMachine.go:25.77,27.28 1 1
github.com/Gredu/TiraLabraRegex/generateMachine.go:53.2,53.21 1 1
github.com/Gredu/TiraLabraRegex/generateMachine.go:28.32,32.34 3 1
github.com/Gredu/TiraLabraRegex/generateMachine.go:34.14,38.75 4 1
github.com/Gredu/TiraLabraRegex/generateMachine.go:40.14,47.79 5 1
github.com/Gredu/TiraLabraRegex/generateMachine.go:49.10,50.37 1 0
github.com/Gredu/TiraLabraRegex/main.go:9.13,12.16 2 0
github.com/Gredu/TiraLabraRegex/main.go:15.2,15.37 1 0
github.com/Gredu/TiraLabraRegex/main.go:12.16,13.13 1 0
github.com/Gredu/TiraLabraRegex/main.go:15.37,23.3 4 0
github.com/Gredu/TiraLabraRegex/main.go:23.3,26.3 1 0
github.com/Gredu/TiraLabraRegex/main.go:30.44,35.21 4 0
github.com/Gredu/TiraLabraRegex/main.go:41.2,42.16 2 0
github.com/Gredu/TiraLabraRegex/main.go:35.21,36.37 1 0
github.com/Gredu/TiraLabraRegex/main.go:36.37,38.4 1 0
github.com/Gredu/TiraLabraRegex/main.go:42.16,44.3 1 0
github.com/Gredu/TiraLabraRegex/match.go:3.51,5.44 1 1
github.com/Gredu/TiraLabraRegex/match.go:31.2,31.14 1 1
github.com/Gredu/TiraLabraRegex/match.go:5.44,7.3 1 1
github.com/Gredu/TiraLabraRegex/match.go:7.3,7.64 1 1
github.com/Gredu/TiraLabraRegex/match.go:7.64,8.55 1 1
github.com/Gredu/TiraLabraRegex/match.go:8.55,9.41 1 1
github.com/Gredu/TiraLabraRegex/match.go:10.19,11.45 1 1
github.com/Gredu/TiraLabraRegex/match.go:14.16,15.45 1 1
github.com/Gredu/TiraLabraRegex/match.go:18.15,19.47 1 1
github.com/Gredu/TiraLabraRegex/match.go:20.16,21.35 1 1
github.com/Gredu/TiraLabraRegex/match.go:11.45,13.6 1 1
github.com/Gredu/TiraLabraRegex/match.go:15.45,17.6 1 1
github.com/Gredu/TiraLabraRegex/match.go:22.14,23.29 1 1
github.com/Gredu/TiraLabraRegex/match.go:23.29,25.7 1 1
github.com/Gredu/TiraLabraRegex/match.go:34.33,35.15 1 1
github.com/Gredu/TiraLabraRegex/match.go:39.2,39.14 1 1
github.com/Gredu/TiraLabraRegex/match.go:36.56,37.14 1 1
github.com/Gredu/TiraLabraRegex/parseRegexp.go:5.41,10.53 3 1
github.com/Gredu/TiraLabraRegex/parseRegexp.go:41.2,42.15 2 1
github.com/Gredu/TiraLabraRegex/parseRegexp.go:10.53,15.12 3 1
github.com/Gredu/TiraLabraRegex/parseRegexp.go:16.12,20.16 4 1
github.com/Gredu/TiraLabraRegex/parseRegexp.go:21.12,22.54 1 1
github.com/Gredu/TiraLabraRegex/parseRegexp.go:23.12,26.16 3 0
github.com/Gredu/TiraLabraRegex/parseRegexp.go:27.12,30.16 3 1
github.com/Gredu/TiraLabraRegex/parseRegexp.go:31.13,34.16 3 1
github.com/Gredu/TiraLabraRegex/parseRegexp.go:35.11,36.56 1 1
